[0.112s] Invoking command in '/home/hee/ros2_ws/build/msg_interface': CMAKE_PREFIX_PATH=${CMAKE_PREFIX_PATH}:/home/hee/ros2_ws/install/service:/home/hee/ros2_ws/install/robot_controller:/home/hee/ros2_ws/install/activity_002:/home/hee/ros2_ws/install/Activity_002:/opt/ros/humble /usr/bin/cmake --build /home/hee/ros2_ws/build/msg_interface -- -j8 -l8
[0.148s] -- Found ament_cmake: 1.3.6 (/opt/ros/humble/share/ament_cmake/cmake)
[0.370s] -- Found rosidl_default_generators: 1.2.0 (/opt/ros/humble/share/rosidl_default_generators/cmake)
[0.373s] -- Using all available rosidl_typesupport_c: rosidl_typesupport_fastrtps_c;rosidl_typesupport_introspection_c
[0.377s] -- Found rosidl_adapter: 3.1.5 (/opt/ros/humble/share/rosidl_adapter/cmake)
[0.423s] -- Using all available rosidl_typesupport_cpp: rosidl_typesupport_fastrtps_cpp;rosidl_typesupport_introspection_cpp
[0.727s] [31mCMake Error at /opt/ros/humble/share/rosidl_adapter/cmake/rosidl_adapt_interfaces.cmake:59 (message):
[0.728s]   execute_process(/usr/bin/python3.10 -m rosidl_adapter --package-name
[0.728s]   msg_interface --arguments-file
[0.728s]   /home/hee/ros2_ws/build/msg_interface/rosidl_adapter__arguments__msg_interface.json
[0.728s]   --output-dir
[0.728s]   /home/hee/ros2_ws/build/msg_interface/rosidl_adapter/msg_interface
[0.728s]   --output-file
[0.728s]   /home/hee/ros2_ws/build/msg_interface/rosidl_adapter/msg_interface.idls)
[0.728s]   returned error code 1:
[0.728s] 
[0.728s]   Error processing 'int64 Led1' of 'msg_interface/LedStates': ''Led1' is an
[0.728s]   invalid field name.  It should have the pattern
[0.729s]   '^(?!.*__)(?!.*_$)[a-z][a-z0-9_]*$''
[0.729s] 
[0.729s]   Traceback (most recent call last):
[0.729s] 
[0.729s]     File "/usr/lib/python3.10/runpy.py", line 196, in _run_module_as_main
[0.729s]       return _run_code(code, main_globals, None,
[0.729s]     File "/usr/lib/python3.10/runpy.py", line 86, in _run_code
[0.729s]       exec(code, run_globals)
[0.729s]     File "/opt/ros/humble/local/lib/python3.10/dist-packages/rosidl_adapter/__main__.py", line 19, in <module>
[0.729s]       sys.exit(main())
[0.729s]     File "/opt/ros/humble/local/lib/python3.10/dist-packages/rosidl_adapter/main.py", line 53, in main
[0.729s]       abs_idl_file = convert_to_idl(
[0.730s]     File "/opt/ros/humble/local/lib/python3.10/dist-packages/rosidl_adapter/__init__.py", line 19, in convert_to_idl
[0.730s]       return convert_msg_to_idl(
[0.730s]     File "/opt/ros/humble/local/lib/python3.10/dist-packages/rosidl_adapter/msg/__init__.py", line 28, in convert_msg_to_idl
[0.730s]       msg = parse_message_string(package_name, input_file.stem, content)
[0.730s]     File "/opt/ros/humble/local/lib/python3.10/dist-packages/rosidl_adapter/parser.py", line 519, in parse_message_string
[0.730s]       fields.append(Field(
[0.730s]     File "/opt/ros/humble/local/lib/python3.10/dist-packages/rosidl_adapter/parser.py", line 354, in __init__
[0.730s]       raise NameError(
[0.730s] 
[0.730s]   NameError: 'Led1' is an invalid field name.  It should have the pattern
[0.730s]   '^(?!.*__)(?!.*_$)[a-z][a-z0-9_]*$'
[0.731s] 
[0.731s] Call Stack (most recent call first):
[0.731s]   /opt/ros/humble/share/rosidl_cmake/cmake/rosidl_generate_interfaces.cmake:130 (rosidl_adapt_interfaces)
[0.731s]   CMakeLists.txt:12 (rosidl_generate_interfaces)
[0.731s] 
[0.731s] [0m
[0.731s] -- Configuring incomplete, errors occurred!
[0.731s] See also "/home/hee/ros2_ws/build/msg_interface/CMakeFiles/CMakeOutput.log".
[0.735s] gmake: *** [Makefile:747: cmake_check_build_system] Error 1
[0.738s] Invoked command in '/home/hee/ros2_ws/build/msg_interface' returned '2': CMAKE_PREFIX_PATH=${CMAKE_PREFIX_PATH}:/home/hee/ros2_ws/install/service:/home/hee/ros2_ws/install/robot_controller:/home/hee/ros2_ws/install/activity_002:/home/hee/ros2_ws/install/Activity_002:/opt/ros/humble /usr/bin/cmake --build /home/hee/ros2_ws/build/msg_interface -- -j8 -l8
